Debug :: 2019-05-30 09:37:17,064 :: INFO :: Connection...
Debug :: 2019-05-30 09:37:17,083 :: INFO :: Connection done!
Debug :: 2019-05-30 09:37:17,085 :: INFO :: Stop scanning
Debug :: 2019-05-30 09:37:17,086 :: DEBUG :: Command sent: b'\xa5%'
Debug :: 2019-05-30 09:37:17,088 :: INFO :: Stopping motor...
Debug :: 2019-05-30 09:37:17,089 :: DEBUG :: Command sent: b'\xa5\xf0\x02\x00\x00W'
Debug :: 2019-05-30 09:37:17,092 :: INFO :: Motor stopped!
Debug :: 2019-05-30 09:37:17,093 :: INFO :: Clearing input buffer
Debug :: 2019-05-30 09:37:30,835 :: INFO :: Starting motor...
Debug :: 2019-05-30 09:37:30,839 :: DEBUG :: Command sent: b'\xa5\xf0\x02\x94\x02\xc1'
Debug :: 2019-05-30 09:37:30,840 :: INFO :: Motor started!
Debug :: 2019-05-30 09:46:06,082 :: INFO :: Connection...
Debug :: 2019-05-30 09:46:06,940 :: INFO :: Connection done!
Debug :: 2019-05-30 09:46:06,941 :: INFO :: Stop scanning
Debug :: 2019-05-30 09:46:06,942 :: DEBUG :: Command sent: b'\xa5%'
Debug :: 2019-05-30 09:46:06,944 :: INFO :: Stopping motor...
Debug :: 2019-05-30 09:46:06,946 :: DEBUG :: Command sent: b'\xa5\xf0\x02\x00\x00W'
Debug :: 2019-05-30 09:46:06,950 :: INFO :: Motor stopped!
Debug :: 2019-05-30 09:46:06,951 :: INFO :: Clearing input buffer
Debug :: 2019-05-30 09:46:16,961 :: INFO :: Starting motor...
Debug :: 2019-05-30 09:46:16,964 :: DEBUG :: Command sent: b'\xa5\xf0\x02\x94\x02\xc1'
Debug :: 2019-05-30 09:46:16,965 :: INFO :: Motor started!
Debug :: 2019-05-30 09:48:31,934 :: INFO :: Stop scanning
Debug :: 2019-05-30 09:48:31,936 :: DEBUG :: Command sent: b'\xa5%'
Debug :: 2019-05-30 09:48:31,938 :: INFO :: Stopping motor...
Debug :: 2019-05-30 09:48:31,939 :: DEBUG :: Command sent: b'\xa5\xf0\x02\x00\x00W'
Debug :: 2019-05-30 09:48:31,943 :: INFO :: Motor stopped!
Debug :: 2019-05-30 09:48:31,944 :: INFO :: Clearing input buffer
Debug :: 2019-05-30 09:48:31,945 :: INFO :: Disconnection...
Debug :: 2019-05-30 09:48:32,007 :: INFO :: Disconnection done!
Debug :: 2019-05-30 09:50:25,317 :: INFO :: Connection...
Debug :: 2019-05-30 09:50:25,333 :: INFO :: Connection done!
Debug :: 2019-05-30 09:50:25,335 :: INFO :: Stop scanning
Debug :: 2019-05-30 09:50:25,337 :: DEBUG :: Command sent: b'\xa5%'
Debug :: 2019-05-30 09:50:25,339 :: INFO :: Stopping motor...
Debug :: 2019-05-30 09:50:25,340 :: DEBUG :: Command sent: b'\xa5\xf0\x02\x00\x00W'
Debug :: 2019-05-30 09:50:25,343 :: INFO :: Motor stopped!
Debug :: 2019-05-30 09:50:25,344 :: INFO :: Clearing input buffer
Debug :: 2019-05-30 09:50:35,242 :: INFO :: Starting motor...
Debug :: 2019-05-30 09:50:35,245 :: DEBUG :: Command sent: b'\xa5\xf0\x02\x94\x02\xc1'
Debug :: 2019-05-30 09:50:35,245 :: INFO :: Motor started!
Debug :: 2019-05-30 09:56:36,881 :: INFO :: Connection...
Debug :: 2019-05-30 09:56:36,898 :: INFO :: Connection done!
Debug :: 2019-05-30 09:56:36,899 :: INFO :: Stop scanning
Debug :: 2019-05-30 09:56:36,901 :: DEBUG :: Command sent: b'\xa5%'
Debug :: 2019-05-30 09:56:36,903 :: INFO :: Stopping motor...
Debug :: 2019-05-30 09:56:36,905 :: DEBUG :: Command sent: b'\xa5\xf0\x02\x00\x00W'
Debug :: 2019-05-30 09:56:36,908 :: INFO :: Motor stopped!
Debug :: 2019-05-30 09:56:36,909 :: INFO :: Clearing input buffer
Debug :: 2019-05-30 09:56:46,885 :: INFO :: Starting motor...
Debug :: 2019-05-30 09:56:46,888 :: DEBUG :: Command sent: b'\xa5\xf0\x02\x94\x02\xc1'
Debug :: 2019-05-30 09:56:46,889 :: INFO :: Motor started!
Debug :: 2019-05-30 09:58:33,574 :: INFO :: Connection...
Debug :: 2019-05-30 09:58:33,590 :: INFO :: Connection done!
Debug :: 2019-05-30 09:58:33,592 :: INFO :: Stop scanning
Debug :: 2019-05-30 09:58:33,593 :: DEBUG :: Command sent: b'\xa5%'
Debug :: 2019-05-30 09:58:33,595 :: INFO :: Stopping motor...
Debug :: 2019-05-30 09:58:33,596 :: DEBUG :: Command sent: b'\xa5\xf0\x02\x00\x00W'
Debug :: 2019-05-30 09:58:33,599 :: INFO :: Motor stopped!
Debug :: 2019-05-30 09:58:33,600 :: INFO :: Clearing input buffer
Debug :: 2019-05-30 09:58:43,424 :: INFO :: Starting motor...
Debug :: 2019-05-30 09:58:43,427 :: DEBUG :: Command sent: b'\xa5\xf0\x02\x94\x02\xc1'
Debug :: 2019-05-30 09:58:43,428 :: INFO :: Motor started!
Debug :: 2019-05-30 10:04:15,977 :: INFO :: Connection...
Debug :: 2019-05-30 10:04:15,994 :: INFO :: Connection done!
Debug :: 2019-05-30 10:04:15,995 :: INFO :: Stop scanning
Debug :: 2019-05-30 10:04:15,996 :: DEBUG :: Command sent: b'\xa5%'
Debug :: 2019-05-30 10:04:15,998 :: INFO :: Stopping motor...
Debug :: 2019-05-30 10:04:15,999 :: DEBUG :: Command sent: b'\xa5\xf0\x02\x00\x00W'
Debug :: 2019-05-30 10:04:16,002 :: INFO :: Motor stopped!
Debug :: 2019-05-30 10:04:16,003 :: INFO :: Clearing input buffer
Debug :: 2019-05-30 10:04:25,882 :: INFO :: Starting motor...
Debug :: 2019-05-30 10:04:25,885 :: DEBUG :: Command sent: b'\xa5\xf0\x02\x94\x02\xc1'
Debug :: 2019-05-30 10:04:25,885 :: INFO :: Motor started!
Debug :: 2019-05-30 10:06:29,575 :: INFO :: Connection...
Debug :: 2019-05-30 10:06:29,590 :: INFO :: Connection done!
Debug :: 2019-05-30 10:06:29,591 :: INFO :: Stop scanning
Debug :: 2019-05-30 10:06:29,592 :: DEBUG :: Command sent: b'\xa5%'
Debug :: 2019-05-30 10:06:29,594 :: INFO :: Stopping motor...
Debug :: 2019-05-30 10:06:29,596 :: DEBUG :: Command sent: b'\xa5\xf0\x02\x00\x00W'
Debug :: 2019-05-30 10:06:29,599 :: INFO :: Motor stopped!
Debug :: 2019-05-30 10:06:29,600 :: INFO :: Clearing input buffer
Debug :: 2019-05-30 10:07:04,848 :: INFO :: Starting motor...
Debug :: 2019-05-30 10:07:04,851 :: DEBUG :: Command sent: b'\xa5\xf0\x02\x94\x02\xc1'
Debug :: 2019-05-30 10:07:04,851 :: INFO :: Motor started!
Debug :: 2019-05-30 10:09:18,374 :: INFO :: Connection...
Debug :: 2019-05-30 10:09:18,391 :: INFO :: Connection done!
Debug :: 2019-05-30 10:09:18,392 :: INFO :: Stop scanning
Debug :: 2019-05-30 10:09:18,393 :: DEBUG :: Command sent: b'\xa5%'
Debug :: 2019-05-30 10:09:18,395 :: INFO :: Stopping motor...
Debug :: 2019-05-30 10:09:18,396 :: DEBUG :: Command sent: b'\xa5\xf0\x02\x00\x00W'
Debug :: 2019-05-30 10:09:18,399 :: INFO :: Motor stopped!
Debug :: 2019-05-30 10:09:18,400 :: INFO :: Clearing input buffer
Debug :: 2019-05-30 10:09:36,248 :: INFO :: Starting motor...
Debug :: 2019-05-30 10:09:36,258 :: DEBUG :: Command sent: b'\xa5\xf0\x02\x94\x02\xc1'
Debug :: 2019-05-30 10:09:36,261 :: INFO :: Motor started!
Debug :: 2019-05-30 10:11:42,278 :: INFO :: Stop scanning
Debug :: 2019-05-30 10:11:42,280 :: DEBUG :: Command sent: b'\xa5%'
Debug :: 2019-05-30 10:11:42,281 :: INFO :: Stopping motor...
Debug :: 2019-05-30 10:11:42,282 :: DEBUG :: Command sent: b'\xa5\xf0\x02\x00\x00W'
Debug :: 2019-05-30 10:11:42,285 :: INFO :: Motor stopped!
Debug :: 2019-05-30 10:11:42,285 :: INFO :: Clearing input buffer
Debug :: 2019-05-30 10:11:42,286 :: INFO :: Disconnection...
Debug :: 2019-05-30 10:11:42,343 :: INFO :: Disconnection done!
Debug :: 2019-05-30 10:11:53,871 :: INFO :: Connection...
Debug :: 2019-05-30 10:11:53,887 :: INFO :: Connection done!
Debug :: 2019-05-30 10:11:53,888 :: INFO :: Stop scanning
Debug :: 2019-05-30 10:11:53,890 :: DEBUG :: Command sent: b'\xa5%'
Debug :: 2019-05-30 10:11:53,892 :: INFO :: Stopping motor...
Debug :: 2019-05-30 10:11:53,893 :: DEBUG :: Command sent: b'\xa5\xf0\x02\x00\x00W'
Debug :: 2019-05-30 10:11:53,897 :: INFO :: Motor stopped!
Debug :: 2019-05-30 10:11:53,898 :: INFO :: Clearing input buffer
Debug :: 2019-05-30 10:12:03,949 :: INFO :: Starting motor...
Debug :: 2019-05-30 10:12:03,952 :: DEBUG :: Command sent: b'\xa5\xf0\x02\x94\x02\xc1'
Debug :: 2019-05-30 10:12:03,958 :: INFO :: Motor started!
Debug :: 2019-05-30 10:13:20,836 :: INFO :: Connection...
Debug :: 2019-05-30 10:13:20,852 :: INFO :: Connection done!
Debug :: 2019-05-30 10:13:20,853 :: INFO :: Stop scanning
Debug :: 2019-05-30 10:13:20,855 :: DEBUG :: Command sent: b'\xa5%'
Debug :: 2019-05-30 10:13:20,857 :: INFO :: Stopping motor...
Debug :: 2019-05-30 10:13:20,858 :: DEBUG :: Command sent: b'\xa5\xf0\x02\x00\x00W'
Debug :: 2019-05-30 10:13:20,862 :: INFO :: Motor stopped!
Debug :: 2019-05-30 10:13:20,862 :: INFO :: Clearing input buffer
Debug :: 2019-05-30 10:13:30,896 :: INFO :: Starting motor...
Debug :: 2019-05-30 10:13:30,900 :: DEBUG :: Command sent: b'\xa5\xf0\x02\x94\x02\xc1'
Debug :: 2019-05-30 10:13:30,902 :: INFO :: Motor started!
Debug :: 2019-05-30 10:15:43,041 :: INFO :: Connection...
Debug :: 2019-05-30 10:15:43,058 :: INFO :: Connection done!
Debug :: 2019-05-30 10:15:43,059 :: INFO :: Stop scanning
Debug :: 2019-05-30 10:15:43,060 :: DEBUG :: Command sent: b'\xa5%'
Debug :: 2019-05-30 10:15:43,062 :: INFO :: Stopping motor...
Debug :: 2019-05-30 10:15:43,063 :: DEBUG :: Command sent: b'\xa5\xf0\x02\x00\x00W'
Debug :: 2019-05-30 10:15:43,066 :: INFO :: Motor stopped!
Debug :: 2019-05-30 10:15:43,067 :: INFO :: Clearing input buffer
Debug :: 2019-05-30 10:15:53,012 :: INFO :: Starting motor...
Debug :: 2019-05-30 10:15:53,015 :: DEBUG :: Command sent: b'\xa5\xf0\x02\x94\x02\xc1'
Debug :: 2019-05-30 10:15:53,018 :: INFO :: Motor started!
Debug :: 2019-05-30 10:17:48,978 :: INFO :: Stop scanning
Debug :: 2019-05-30 10:17:48,979 :: DEBUG :: Command sent: b'\xa5%'
Debug :: 2019-05-30 10:17:48,981 :: INFO :: Stopping motor...
Debug :: 2019-05-30 10:17:48,983 :: DEBUG :: Command sent: b'\xa5\xf0\x02\x00\x00W'
Debug :: 2019-05-30 10:17:48,986 :: INFO :: Motor stopped!
Debug :: 2019-05-30 10:17:48,987 :: INFO :: Clearing input buffer
Debug :: 2019-05-30 10:17:48,988 :: INFO :: Disconnection...
Debug :: 2019-05-30 10:17:49,045 :: INFO :: Disconnection done!
Debug :: 2019-05-30 10:23:10,258 :: INFO :: Connection...
Debug :: 2019-05-30 10:23:10,276 :: INFO :: Connection done!
Debug :: 2019-05-30 10:23:10,277 :: INFO :: Stop scanning
Debug :: 2019-05-30 10:23:10,278 :: DEBUG :: Command sent: b'\xa5%'
Debug :: 2019-05-30 10:23:10,280 :: INFO :: Stopping motor...
Debug :: 2019-05-30 10:23:10,281 :: DEBUG :: Command sent: b'\xa5\xf0\x02\x00\x00W'
Debug :: 2019-05-30 10:23:10,285 :: INFO :: Motor stopped!
Debug :: 2019-05-30 10:23:10,290 :: INFO :: Clearing input buffer
Debug :: 2019-05-30 10:23:20,353 :: INFO :: Starting motor...
Debug :: 2019-05-30 10:23:20,355 :: DEBUG :: Command sent: b'\xa5\xf0\x02\x94\x02\xc1'
Debug :: 2019-05-30 10:23:20,356 :: INFO :: Motor started!
Debug :: 2019-05-30 10:25:16,618 :: INFO :: Connection...
Debug :: 2019-05-30 10:25:16,634 :: INFO :: Connection done!
Debug :: 2019-05-30 10:25:16,635 :: INFO :: Stop scanning
Debug :: 2019-05-30 10:25:16,636 :: DEBUG :: Command sent: b'\xa5%'
Debug :: 2019-05-30 10:25:16,638 :: INFO :: Stopping motor...
Debug :: 2019-05-30 10:25:16,640 :: DEBUG :: Command sent: b'\xa5\xf0\x02\x00\x00W'
Debug :: 2019-05-30 10:25:16,643 :: INFO :: Motor stopped!
Debug :: 2019-05-30 10:25:16,644 :: INFO :: Clearing input buffer
Debug :: 2019-05-30 10:25:26,609 :: INFO :: Starting motor...
Debug :: 2019-05-30 10:25:26,613 :: DEBUG :: Command sent: b'\xa5\xf0\x02\x94\x02\xc1'
Debug :: 2019-05-30 10:25:26,614 :: INFO :: Motor started!
Debug :: 2019-05-30 10:27:34,528 :: INFO :: Stop scanning
Debug :: 2019-05-30 10:27:34,530 :: DEBUG :: Command sent: b'\xa5%'
Debug :: 2019-05-30 10:27:34,532 :: INFO :: Stopping motor...
Debug :: 2019-05-30 10:27:34,533 :: DEBUG :: Command sent: b'\xa5\xf0\x02\x00\x00W'
Debug :: 2019-05-30 10:27:34,537 :: INFO :: Motor stopped!
Debug :: 2019-05-30 10:27:34,538 :: INFO :: Clearing input buffer
Debug :: 2019-05-30 10:27:34,539 :: INFO :: Disconnection...
Debug :: 2019-05-30 10:27:34,597 :: INFO :: Disconnection done!
Debug :: 2019-05-30 11:06:52,785 :: INFO :: Connection...
Debug :: 2019-05-30 11:06:52,811 :: INFO :: Connection done!
Debug :: 2019-05-30 11:06:52,812 :: INFO :: Stop scanning
Debug :: 2019-05-30 11:06:52,814 :: DEBUG :: Command sent: b'\xa5%'
Debug :: 2019-05-30 11:06:52,816 :: INFO :: Stopping motor...
Debug :: 2019-05-30 11:06:52,817 :: DEBUG :: Command sent: b'\xa5\xf0\x02\x00\x00W'
Debug :: 2019-05-30 11:06:52,820 :: INFO :: Motor stopped!
Debug :: 2019-05-30 11:06:52,822 :: INFO :: Clearing input buffer
Debug :: 2019-05-30 11:07:03,385 :: INFO :: Starting motor...
Debug :: 2019-05-30 11:07:03,388 :: DEBUG :: Command sent: b'\xa5\xf0\x02\x94\x02\xc1'
Debug :: 2019-05-30 11:07:03,415 :: INFO :: Motor started!
Debug :: 2019-05-30 11:15:37,018 :: INFO :: Stop scanning
Debug :: 2019-05-30 11:15:37,019 :: DEBUG :: Command sent: b'\xa5%'
Debug :: 2019-05-30 11:15:37,021 :: INFO :: Stopping motor...
Debug :: 2019-05-30 11:15:37,022 :: DEBUG :: Command sent: b'\xa5\xf0\x02\x00\x00W'
Debug :: 2019-05-30 11:15:37,026 :: INFO :: Motor stopped!
Debug :: 2019-05-30 11:15:37,027 :: INFO :: Clearing input buffer
Debug :: 2019-05-30 11:15:37,028 :: INFO :: Disconnection...
Debug :: 2019-05-30 11:15:37,085 :: INFO :: Disconnection done!
Debug :: 2019-05-30 14:50:52,132 :: INFO :: Connection...
Debug :: 2019-05-30 14:50:53,552 :: INFO :: Connection done!
Debug :: 2019-05-30 14:50:53,553 :: INFO :: Stop scanning
Debug :: 2019-05-30 14:50:53,554 :: DEBUG :: Command sent: b'\xa5%'
Debug :: 2019-05-30 14:50:53,556 :: INFO :: Stopping motor...
Debug :: 2019-05-30 14:50:53,557 :: DEBUG :: Command sent: b'\xa5\xf0\x02\x00\x00W'
Debug :: 2019-05-30 14:50:53,560 :: INFO :: Motor stopped!
Debug :: 2019-05-30 14:50:53,561 :: INFO :: Clearing input buffer
Debug :: 2019-05-30 14:51:03,336 :: INFO :: Starting motor...
Debug :: 2019-05-30 14:51:03,340 :: DEBUG :: Command sent: b'\xa5\xf0\x02\x94\x02\xc1'
Debug :: 2019-05-30 14:51:03,340 :: INFO :: Motor started!
Debug :: 2019-05-30 14:52:26,680 :: INFO :: Connection...
Debug :: 2019-05-30 14:52:26,696 :: INFO :: Connection done!
Debug :: 2019-05-30 14:52:26,698 :: INFO :: Stop scanning
Debug :: 2019-05-30 14:52:26,699 :: DEBUG :: Command sent: b'\xa5%'
Debug :: 2019-05-30 14:52:26,701 :: INFO :: Stopping motor...
Debug :: 2019-05-30 14:52:26,702 :: DEBUG :: Command sent: b'\xa5\xf0\x02\x00\x00W'
Debug :: 2019-05-30 14:52:26,706 :: INFO :: Motor stopped!
Debug :: 2019-05-30 14:52:26,707 :: INFO :: Clearing input buffer
Debug :: 2019-05-30 14:52:38,543 :: INFO :: Starting motor...
Debug :: 2019-05-30 14:52:38,547 :: DEBUG :: Command sent: b'\xa5\xf0\x02\x94\x02\xc1'
Debug :: 2019-05-30 14:52:38,547 :: INFO :: Motor started!
Debug :: 2019-05-30 14:54:46,503 :: INFO :: Stop scanning
Debug :: 2019-05-30 14:54:46,505 :: DEBUG :: Command sent: b'\xa5%'
Debug :: 2019-05-30 14:54:46,507 :: INFO :: Stopping motor...
Debug :: 2019-05-30 14:54:46,508 :: DEBUG :: Command sent: b'\xa5\xf0\x02\x00\x00W'
Debug :: 2019-05-30 14:54:46,511 :: INFO :: Motor stopped!
Debug :: 2019-05-30 14:54:46,512 :: INFO :: Clearing input buffer
Debug :: 2019-05-30 14:54:46,513 :: INFO :: Disconnection...
Debug :: 2019-05-30 14:54:46,571 :: INFO :: Disconnection done!
Debug :: 2019-05-30 15:01:18,240 :: INFO :: Connection...
Debug :: 2019-05-30 15:01:18,257 :: INFO :: Connection done!
Debug :: 2019-05-30 15:01:18,258 :: INFO :: Stop scanning
Debug :: 2019-05-30 15:01:18,260 :: DEBUG :: Command sent: b'\xa5%'
Debug :: 2019-05-30 15:01:18,262 :: INFO :: Stopping motor...
Debug :: 2019-05-30 15:01:18,263 :: DEBUG :: Command sent: b'\xa5\xf0\x02\x00\x00W'
Debug :: 2019-05-30 15:01:18,267 :: INFO :: Motor stopped!
Debug :: 2019-05-30 15:01:18,268 :: INFO :: Clearing input buffer
Debug :: 2019-05-30 15:01:28,003 :: INFO :: Starting motor...
Debug :: 2019-05-30 15:01:28,006 :: DEBUG :: Command sent: b'\xa5\xf0\x02\x94\x02\xc1'
Debug :: 2019-05-30 15:01:28,006 :: INFO :: Motor started!
Debug :: 2019-05-30 15:03:55,122 :: INFO :: Stop scanning
Debug :: 2019-05-30 15:03:55,124 :: DEBUG :: Command sent: b'\xa5%'
Debug :: 2019-05-30 15:03:55,153 :: INFO :: Stopping motor...
Debug :: 2019-05-30 15:03:55,155 :: DEBUG :: Command sent: b'\xa5\xf0\x02\x00\x00W'
Debug :: 2019-05-30 15:03:55,158 :: INFO :: Motor stopped!
Debug :: 2019-05-30 15:03:55,159 :: INFO :: Clearing input buffer
Debug :: 2019-05-30 15:03:55,160 :: INFO :: Disconnection...
Debug :: 2019-05-30 15:03:55,218 :: INFO :: Disconnection done!
Debug :: 2019-05-30 15:34:52,015 :: INFO :: Connection...
Debug :: 2019-05-30 15:34:52,034 :: INFO :: Connection done!
Debug :: 2019-05-30 15:34:52,035 :: INFO :: Stop scanning
Debug :: 2019-05-30 15:34:52,036 :: DEBUG :: Command sent: b'\xa5%'
Debug :: 2019-05-30 15:34:52,038 :: INFO :: Stopping motor...
Debug :: 2019-05-30 15:34:52,039 :: DEBUG :: Command sent: b'\xa5\xf0\x02\x00\x00W'
Debug :: 2019-05-30 15:34:52,042 :: INFO :: Motor stopped!
Debug :: 2019-05-30 15:34:52,043 :: INFO :: Clearing input buffer
Debug :: 2019-05-30 15:35:01,843 :: INFO :: Starting motor...
Debug :: 2019-05-30 15:35:01,847 :: DEBUG :: Command sent: b'\xa5\xf0\x02\x94\x02\xc1'
Debug :: 2019-05-30 15:35:01,847 :: INFO :: Motor started!
Debug :: 2019-05-30 15:37:06,829 :: INFO :: Stop scanning
Debug :: 2019-05-30 15:37:06,831 :: DEBUG :: Command sent: b'\xa5%'
Debug :: 2019-05-30 15:37:06,833 :: INFO :: Stopping motor...
Debug :: 2019-05-30 15:37:06,834 :: DEBUG :: Command sent: b'\xa5\xf0\x02\x00\x00W'
Debug :: 2019-05-30 15:37:06,837 :: INFO :: Motor stopped!
Debug :: 2019-05-30 15:37:06,838 :: INFO :: Clearing input buffer
Debug :: 2019-05-30 15:37:06,839 :: INFO :: Disconnection...
Debug :: 2019-05-30 15:37:06,897 :: INFO :: Disconnection done!
Debug :: 2019-05-30 16:04:13,699 :: INFO :: Connection...
Debug :: 2019-05-30 16:04:13,719 :: INFO :: Connection done!
Debug :: 2019-05-30 16:04:13,721 :: INFO :: Stop scanning
Debug :: 2019-05-30 16:04:13,722 :: DEBUG :: Command sent: b'\xa5%'
Debug :: 2019-05-30 16:04:13,723 :: INFO :: Stopping motor...
Debug :: 2019-05-30 16:04:13,724 :: DEBUG :: Command sent: b'\xa5\xf0\x02\x00\x00W'
Debug :: 2019-05-30 16:04:13,728 :: INFO :: Motor stopped!
Debug :: 2019-05-30 16:04:13,729 :: INFO :: Clearing input buffer
Debug :: 2019-05-30 16:04:28,832 :: INFO :: Starting motor...
Debug :: 2019-05-30 16:04:28,835 :: DEBUG :: Command sent: b'\xa5\xf0\x02\x94\x02\xc1'
Debug :: 2019-05-30 16:04:28,836 :: INFO :: Motor started!
Debug :: 2019-05-30 16:10:00,167 :: INFO :: Stop scanning
Debug :: 2019-05-30 16:10:00,169 :: DEBUG :: Command sent: b'\xa5%'
Debug :: 2019-05-30 16:10:00,171 :: INFO :: Stopping motor...
Debug :: 2019-05-30 16:10:00,172 :: DEBUG :: Command sent: b'\xa5\xf0\x02\x00\x00W'
Debug :: 2019-05-30 16:10:00,176 :: INFO :: Motor stopped!
Debug :: 2019-05-30 16:10:00,177 :: INFO :: Clearing input buffer
Debug :: 2019-05-30 16:10:00,178 :: INFO :: Disconnection...
Debug :: 2019-05-30 16:10:00,235 :: INFO :: Disconnection done!
Debug :: 2019-05-30 16:42:18,465 :: INFO :: Connection...
Debug :: 2019-05-30 16:42:18,483 :: INFO :: Connection done!
Debug :: 2019-05-30 16:42:18,483 :: INFO :: Stop scanning
Debug :: 2019-05-30 16:42:18,484 :: DEBUG :: Command sent: b'\xa5%'
Debug :: 2019-05-30 16:42:18,485 :: INFO :: Stopping motor...
Debug :: 2019-05-30 16:42:18,486 :: DEBUG :: Command sent: b'\xa5\xf0\x02\x00\x00W'
Debug :: 2019-05-30 16:42:18,489 :: INFO :: Motor stopped!
Debug :: 2019-05-30 16:42:18,489 :: INFO :: Clearing input buffer
Debug :: 2019-05-30 16:46:17,806 :: INFO :: Connection...
Debug :: 2019-05-30 16:46:17,820 :: INFO :: Connection done!
Debug :: 2019-05-30 16:46:17,820 :: INFO :: Stop scanning
Debug :: 2019-05-30 16:46:17,821 :: DEBUG :: Command sent: b'\xa5%'
Debug :: 2019-05-30 16:46:17,822 :: INFO :: Stopping motor...
Debug :: 2019-05-30 16:46:17,823 :: DEBUG :: Command sent: b'\xa5\xf0\x02\x00\x00W'
Debug :: 2019-05-30 16:46:17,826 :: INFO :: Motor stopped!
Debug :: 2019-05-30 16:46:17,826 :: INFO :: Clearing input buffer
Debug :: 2019-05-30 16:46:17,827 :: INFO :: Starting motor...
Debug :: 2019-05-30 16:46:17,829 :: DEBUG :: Command sent: b'\xa5\xf0\x02\x94\x02\xc1'
Debug :: 2019-05-30 16:46:17,829 :: INFO :: Motor started!
Debug :: 2019-05-30 16:51:11,430 :: INFO :: Connection...
Debug :: 2019-05-30 16:51:11,443 :: INFO :: Connection done!
Debug :: 2019-05-30 16:51:11,443 :: INFO :: Stop scanning
Debug :: 2019-05-30 16:51:11,444 :: DEBUG :: Command sent: b'\xa5%'
Debug :: 2019-05-30 16:51:11,445 :: INFO :: Stopping motor...
Debug :: 2019-05-30 16:51:11,446 :: DEBUG :: Command sent: b'\xa5\xf0\x02\x00\x00W'
Debug :: 2019-05-30 16:51:11,449 :: INFO :: Motor stopped!
Debug :: 2019-05-30 16:51:11,450 :: INFO :: Clearing input buffer
Debug :: 2019-05-30 16:51:11,450 :: INFO :: Starting motor...
Debug :: 2019-05-30 16:51:11,453 :: DEBUG :: Command sent: b'\xa5\xf0\x02\x94\x02\xc1'
Debug :: 2019-05-30 16:51:11,453 :: INFO :: Motor started!
Debug :: 2019-05-30 16:52:20,096 :: INFO :: Connection...
Debug :: 2019-05-30 16:52:20,109 :: INFO :: Connection done!
Debug :: 2019-05-30 16:52:20,110 :: INFO :: Stop scanning
Debug :: 2019-05-30 16:52:20,111 :: DEBUG :: Command sent: b'\xa5%'
Debug :: 2019-05-30 16:52:20,112 :: INFO :: Stopping motor...
Debug :: 2019-05-30 16:52:20,113 :: DEBUG :: Command sent: b'\xa5\xf0\x02\x00\x00W'
Debug :: 2019-05-30 16:52:20,116 :: INFO :: Motor stopped!
Debug :: 2019-05-30 16:52:20,117 :: INFO :: Clearing input buffer
Debug :: 2019-05-30 16:52:20,118 :: INFO :: Starting motor...
Debug :: 2019-05-30 16:52:20,121 :: DEBUG :: Command sent: b'\xa5\xf0\x02\x94\x02\xc1'
Debug :: 2019-05-30 16:52:20,122 :: INFO :: Motor started!
Debug :: 2019-05-30 16:53:09,826 :: INFO :: Connection...
Debug :: 2019-05-30 16:53:09,838 :: INFO :: Connection done!
Debug :: 2019-05-30 16:53:09,839 :: INFO :: Stop scanning
Debug :: 2019-05-30 16:53:09,840 :: DEBUG :: Command sent: b'\xa5%'
Debug :: 2019-05-30 16:53:09,841 :: INFO :: Stopping motor...
Debug :: 2019-05-30 16:53:09,842 :: DEBUG :: Command sent: b'\xa5\xf0\x02\x00\x00W'
Debug :: 2019-05-30 16:53:09,845 :: INFO :: Motor stopped!
Debug :: 2019-05-30 16:53:09,846 :: INFO :: Clearing input buffer
Debug :: 2019-05-30 16:53:09,847 :: INFO :: Starting motor...
Debug :: 2019-05-30 16:53:09,849 :: DEBUG :: Command sent: b'\xa5\xf0\x02\x94\x02\xc1'
Debug :: 2019-05-30 16:53:09,849 :: INFO :: Motor started!
Debug :: 2019-05-30 16:54:15,684 :: INFO :: Connection...
Debug :: 2019-05-30 16:54:15,697 :: INFO :: Connection done!
Debug :: 2019-05-30 16:54:15,698 :: INFO :: Stop scanning
Debug :: 2019-05-30 16:54:15,699 :: DEBUG :: Command sent: b'\xa5%'
Debug :: 2019-05-30 16:54:15,700 :: INFO :: Stopping motor...
Debug :: 2019-05-30 16:54:15,701 :: DEBUG :: Command sent: b'\xa5\xf0\x02\x00\x00W'
Debug :: 2019-05-30 16:54:15,704 :: INFO :: Motor stopped!
Debug :: 2019-05-30 16:54:15,704 :: INFO :: Clearing input buffer
Debug :: 2019-05-30 16:54:15,705 :: INFO :: Starting motor...
Debug :: 2019-05-30 16:54:15,708 :: DEBUG :: Command sent: b'\xa5\xf0\x02\x94\x02\xc1'
Debug :: 2019-05-30 16:54:15,708 :: INFO :: Motor started!
Debug :: 2019-05-30 16:56:29,715 :: INFO :: Stop scanning
Debug :: 2019-05-30 16:56:29,717 :: DEBUG :: Command sent: b'\xa5%'
Debug :: 2019-05-30 16:56:29,719 :: INFO :: Stopping motor...
Debug :: 2019-05-30 16:56:29,720 :: DEBUG :: Command sent: b'\xa5\xf0\x02\x00\x00W'
Debug :: 2019-05-30 16:56:29,723 :: INFO :: Motor stopped!
Debug :: 2019-05-30 16:56:29,724 :: INFO :: Clearing input buffer
Debug :: 2019-05-30 16:56:29,725 :: INFO :: Disconnection...
Debug :: 2019-05-30 16:56:29,782 :: INFO :: Disconnection done!
Debug :: 2019-05-30 16:58:11,173 :: INFO :: Connection...
Debug :: 2019-05-30 16:58:11,186 :: INFO :: Connection done!
Debug :: 2019-05-30 16:58:11,187 :: INFO :: Stop scanning
Debug :: 2019-05-30 16:58:11,188 :: DEBUG :: Command sent: b'\xa5%'
Debug :: 2019-05-30 16:58:11,190 :: INFO :: Stopping motor...
Debug :: 2019-05-30 16:58:11,191 :: DEBUG :: Command sent: b'\xa5\xf0\x02\x00\x00W'
Debug :: 2019-05-30 16:58:11,194 :: INFO :: Motor stopped!
Debug :: 2019-05-30 16:58:11,194 :: INFO :: Clearing input buffer
Debug :: 2019-05-30 16:58:11,195 :: INFO :: Starting motor...
Debug :: 2019-05-30 16:58:11,197 :: DEBUG :: Command sent: b'\xa5\xf0\x02\x94\x02\xc1'
Debug :: 2019-05-30 16:58:11,198 :: INFO :: Motor started!
Debug :: 2019-05-30 17:00:36,363 :: INFO :: Connection...
Debug :: 2019-05-30 17:00:36,377 :: INFO :: Connection done!
Debug :: 2019-05-30 17:00:36,377 :: INFO :: Stop scanning
Debug :: 2019-05-30 17:00:36,378 :: DEBUG :: Command sent: b'\xa5%'
Debug :: 2019-05-30 17:00:36,379 :: INFO :: Stopping motor...
Debug :: 2019-05-30 17:00:36,380 :: DEBUG :: Command sent: b'\xa5\xf0\x02\x00\x00W'
Debug :: 2019-05-30 17:00:36,383 :: INFO :: Motor stopped!
Debug :: 2019-05-30 17:00:36,383 :: INFO :: Clearing input buffer
Debug :: 2019-05-30 17:00:36,384 :: INFO :: Starting motor...
Debug :: 2019-05-30 17:00:36,386 :: DEBUG :: Command sent: b'\xa5\xf0\x02\x94\x02\xc1'
Debug :: 2019-05-30 17:00:36,386 :: INFO :: Motor started!
Debug :: 2019-05-30 17:02:54,374 :: INFO :: Stop scanning
Debug :: 2019-05-30 17:02:54,375 :: DEBUG :: Command sent: b'\xa5%'
Debug :: 2019-05-30 17:02:54,377 :: INFO :: Stopping motor...
Debug :: 2019-05-30 17:02:54,378 :: DEBUG :: Command sent: b'\xa5\xf0\x02\x00\x00W'
Debug :: 2019-05-30 17:02:54,381 :: INFO :: Motor stopped!
Debug :: 2019-05-30 17:02:54,382 :: INFO :: Clearing input buffer
Debug :: 2019-05-30 17:02:54,383 :: INFO :: Disconnection...
Debug :: 2019-05-30 17:02:54,440 :: INFO :: Disconnection done!
Debug :: 2019-05-30 17:20:13,635 :: INFO :: Connection...
Debug :: 2019-05-30 17:20:13,648 :: INFO :: Connection done!
Debug :: 2019-05-30 17:20:13,648 :: INFO :: Stop scanning
Debug :: 2019-05-30 17:20:13,649 :: DEBUG :: Command sent: b'\xa5%'
Debug :: 2019-05-30 17:20:13,650 :: INFO :: Stopping motor...
Debug :: 2019-05-30 17:20:13,651 :: DEBUG :: Command sent: b'\xa5\xf0\x02\x00\x00W'
Debug :: 2019-05-30 17:20:13,654 :: INFO :: Motor stopped!
Debug :: 2019-05-30 17:20:13,654 :: INFO :: Clearing input buffer
Debug :: 2019-05-30 17:20:13,655 :: INFO :: Starting motor...
Debug :: 2019-05-30 17:20:13,657 :: DEBUG :: Command sent: b'\xa5\xf0\x02\x94\x02\xc1'
Debug :: 2019-05-30 17:20:13,658 :: INFO :: Motor started!
Debug :: 2019-05-30 17:21:46,691 :: INFO :: Connection...
Debug :: 2019-05-30 17:21:46,704 :: INFO :: Connection done!
Debug :: 2019-05-30 17:21:46,705 :: INFO :: Stop scanning
Debug :: 2019-05-30 17:21:46,706 :: DEBUG :: Command sent: b'\xa5%'
Debug :: 2019-05-30 17:21:46,707 :: INFO :: Stopping motor...
Debug :: 2019-05-30 17:21:46,708 :: DEBUG :: Command sent: b'\xa5\xf0\x02\x00\x00W'
Debug :: 2019-05-30 17:21:46,711 :: INFO :: Motor stopped!
Debug :: 2019-05-30 17:21:46,711 :: INFO :: Clearing input buffer
Debug :: 2019-05-30 17:21:46,712 :: INFO :: Starting motor...
Debug :: 2019-05-30 17:21:46,714 :: DEBUG :: Command sent: b'\xa5\xf0\x02\x94\x02\xc1'
Debug :: 2019-05-30 17:21:46,715 :: INFO :: Motor started!
Debug :: 2019-05-30 17:24:02,374 :: INFO :: Connection...
Debug :: 2019-05-30 17:24:02,387 :: INFO :: Connection done!
Debug :: 2019-05-30 17:24:02,387 :: INFO :: Stop scanning
Debug :: 2019-05-30 17:24:02,388 :: DEBUG :: Command sent: b'\xa5%'
Debug :: 2019-05-30 17:24:02,390 :: INFO :: Stopping motor...
Debug :: 2019-05-30 17:24:02,390 :: DEBUG :: Command sent: b'\xa5\xf0\x02\x00\x00W'
Debug :: 2019-05-30 17:24:02,393 :: INFO :: Motor stopped!
Debug :: 2019-05-30 17:24:02,394 :: INFO :: Clearing input buffer
Debug :: 2019-05-30 17:24:02,394 :: INFO :: Starting motor...
Debug :: 2019-05-30 17:24:02,397 :: DEBUG :: Command sent: b'\xa5\xf0\x02\x94\x02\xc1'
Debug :: 2019-05-30 17:24:02,397 :: INFO :: Motor started!
Debug :: 2019-05-30 17:26:08,445 :: INFO :: Stop scanning
Debug :: 2019-05-30 17:26:08,447 :: DEBUG :: Command sent: b'\xa5%'
Debug :: 2019-05-30 17:26:08,449 :: INFO :: Stopping motor...
Debug :: 2019-05-30 17:26:08,450 :: DEBUG :: Command sent: b'\xa5\xf0\x02\x00\x00W'
Debug :: 2019-05-30 17:26:08,453 :: INFO :: Motor stopped!
Debug :: 2019-05-30 17:26:08,454 :: INFO :: Clearing input buffer
Debug :: 2019-05-30 17:26:08,455 :: INFO :: Disconnection...
Debug :: 2019-05-30 17:26:08,512 :: INFO :: Disconnection done!
Debug :: 2019-05-30 17:28:48,800 :: INFO :: Connection...
Debug :: 2019-05-30 17:28:48,812 :: INFO :: Connection done!
Debug :: 2019-05-30 17:28:48,813 :: INFO :: Stop scanning
Debug :: 2019-05-30 17:28:48,814 :: DEBUG :: Command sent: b'\xa5%'
Debug :: 2019-05-30 17:28:48,815 :: INFO :: Stopping motor...
Debug :: 2019-05-30 17:28:48,816 :: DEBUG :: Command sent: b'\xa5\xf0\x02\x00\x00W'
Debug :: 2019-05-30 17:28:48,819 :: INFO :: Motor stopped!
Debug :: 2019-05-30 17:28:48,819 :: INFO :: Clearing input buffer
Debug :: 2019-05-30 17:28:48,820 :: INFO :: Starting motor...
Debug :: 2019-05-30 17:28:48,822 :: DEBUG :: Command sent: b'\xa5\xf0\x02\x94\x02\xc1'
Debug :: 2019-05-30 17:28:48,823 :: INFO :: Motor started!
Debug :: 2019-05-30 17:31:50,875 :: INFO :: Stop scanning
Debug :: 2019-05-30 17:31:50,879 :: DEBUG :: Command sent: b'\xa5%'
Debug :: 2019-05-30 17:31:50,883 :: INFO :: Stopping motor...
Debug :: 2019-05-30 17:31:50,888 :: DEBUG :: Command sent: b'\xa5\xf0\x02\x00\x00W'
Debug :: 2019-05-30 17:31:50,896 :: INFO :: Motor stopped!
Debug :: 2019-05-30 17:31:50,898 :: INFO :: Clearing input buffer
Debug :: 2019-05-30 17:31:50,899 :: INFO :: Disconnection...
Debug :: 2019-05-30 17:31:50,957 :: INFO :: Disconnection done!
Debug :: 2019-05-30 17:33:37,272 :: INFO :: Connection...
Debug :: 2019-05-30 17:33:37,285 :: INFO :: Connection done!
Debug :: 2019-05-30 17:33:37,286 :: INFO :: Stop scanning
Debug :: 2019-05-30 17:33:37,286 :: DEBUG :: Command sent: b'\xa5%'
Debug :: 2019-05-30 17:33:37,288 :: INFO :: Stopping motor...
Debug :: 2019-05-30 17:33:37,288 :: DEBUG :: Command sent: b'\xa5\xf0\x02\x00\x00W'
Debug :: 2019-05-30 17:33:37,291 :: INFO :: Motor stopped!
Debug :: 2019-05-30 17:33:37,292 :: INFO :: Clearing input buffer
Debug :: 2019-05-30 17:33:37,293 :: INFO :: Starting motor...
Debug :: 2019-05-30 17:33:37,295 :: DEBUG :: Command sent: b'\xa5\xf0\x02\x94\x02\xc1'
Debug :: 2019-05-30 17:33:37,295 :: INFO :: Motor started!
Debug :: 2019-05-30 17:35:48,345 :: INFO :: Stop scanning
Debug :: 2019-05-30 17:35:48,347 :: DEBUG :: Command sent: b'\xa5%'
Debug :: 2019-05-30 17:35:48,349 :: INFO :: Stopping motor...
Debug :: 2019-05-30 17:35:48,350 :: DEBUG :: Command sent: b'\xa5\xf0\x02\x00\x00W'
Debug :: 2019-05-30 17:35:48,353 :: INFO :: Motor stopped!
Debug :: 2019-05-30 17:35:48,354 :: INFO :: Clearing input buffer
Debug :: 2019-05-30 17:35:48,355 :: INFO :: Disconnection...
Debug :: 2019-05-30 17:35:48,412 :: INFO :: Disconnection done!
Debug :: 2019-05-30 17:37:15,036 :: INFO :: Connection...
Debug :: 2019-05-30 17:37:15,049 :: INFO :: Connection done!
Debug :: 2019-05-30 17:37:15,050 :: INFO :: Stop scanning
Debug :: 2019-05-30 17:37:15,050 :: DEBUG :: Command sent: b'\xa5%'
Debug :: 2019-05-30 17:37:15,052 :: INFO :: Stopping motor...
Debug :: 2019-05-30 17:37:15,052 :: DEBUG :: Command sent: b'\xa5\xf0\x02\x00\x00W'
Debug :: 2019-05-30 17:37:15,055 :: INFO :: Motor stopped!
Debug :: 2019-05-30 17:37:15,056 :: INFO :: Clearing input buffer
Debug :: 2019-05-30 17:37:15,056 :: INFO :: Starting motor...
Debug :: 2019-05-30 17:37:15,059 :: DEBUG :: Command sent: b'\xa5\xf0\x02\x94\x02\xc1'
Debug :: 2019-05-30 17:37:15,059 :: INFO :: Motor started!
Debug :: 2019-05-30 17:39:24,086 :: INFO :: Stop scanning
Debug :: 2019-05-30 17:39:24,088 :: DEBUG :: Command sent: b'\xa5%'
Debug :: 2019-05-30 17:39:24,089 :: INFO :: Stopping motor...
Debug :: 2019-05-30 17:39:24,091 :: DEBUG :: Command sent: b'\xa5\xf0\x02\x00\x00W'
Debug :: 2019-05-30 17:39:24,094 :: INFO :: Motor stopped!
Debug :: 2019-05-30 17:39:24,095 :: INFO :: Clearing input buffer
Debug :: 2019-05-30 17:39:24,096 :: INFO :: Disconnection...
Debug :: 2019-05-30 17:39:24,154 :: INFO :: Disconnection done!
Debug :: 2019-05-30 17:43:28,022 :: INFO :: Connection...
Debug :: 2019-05-30 17:43:28,035 :: INFO :: Connection done!
Debug :: 2019-05-30 17:43:28,036 :: INFO :: Stop scanning
Debug :: 2019-05-30 17:43:28,037 :: DEBUG :: Command sent: b'\xa5%'
Debug :: 2019-05-30 17:43:28,038 :: INFO :: Stopping motor...
Debug :: 2019-05-30 17:43:28,039 :: DEBUG :: Command sent: b'\xa5\xf0\x02\x00\x00W'
Debug :: 2019-05-30 17:43:28,042 :: INFO :: Motor stopped!
Debug :: 2019-05-30 17:43:28,042 :: INFO :: Clearing input buffer
Debug :: 2019-05-30 17:43:28,043 :: INFO :: Starting motor...
Debug :: 2019-05-30 17:43:28,045 :: DEBUG :: Command sent: b'\xa5\xf0\x02\x94\x02\xc1'
Debug :: 2019-05-30 17:43:28,045 :: INFO :: Motor started!
Debug :: 2019-05-30 17:45:50,005 :: INFO :: Stop scanning
Debug :: 2019-05-30 17:45:50,007 :: DEBUG :: Command sent: b'\xa5%'
Debug :: 2019-05-30 17:45:50,009 :: INFO :: Stopping motor...
Debug :: 2019-05-30 17:45:50,010 :: DEBUG :: Command sent: b'\xa5\xf0\x02\x00\x00W'
Debug :: 2019-05-30 17:45:50,014 :: INFO :: Motor stopped!
Debug :: 2019-05-30 17:45:50,014 :: INFO :: Clearing input buffer
Debug :: 2019-05-30 17:45:50,015 :: INFO :: Disconnection...
Debug :: 2019-05-30 17:45:50,073 :: INFO :: Disconnection done!
Debug :: 2019-05-30 17:48:57,502 :: INFO :: Connection...
Debug :: 2019-05-30 17:48:57,515 :: INFO :: Connection done!
Debug :: 2019-05-30 17:48:57,516 :: INFO :: Stop scanning
Debug :: 2019-05-30 17:48:57,516 :: DEBUG :: Command sent: b'\xa5%'
Debug :: 2019-05-30 17:48:57,518 :: INFO :: Stopping motor...
Debug :: 2019-05-30 17:48:57,519 :: DEBUG :: Command sent: b'\xa5\xf0\x02\x00\x00W'
Debug :: 2019-05-30 17:48:57,522 :: INFO :: Motor stopped!
Debug :: 2019-05-30 17:48:57,522 :: INFO :: Clearing input buffer
Debug :: 2019-05-30 17:48:57,523 :: INFO :: Starting motor...
Debug :: 2019-05-30 17:48:57,525 :: DEBUG :: Command sent: b'\xa5\xf0\x02\x94\x02\xc1'
Debug :: 2019-05-30 17:48:57,526 :: INFO :: Motor started!
Debug :: 2019-05-30 17:51:03,500 :: INFO :: Stop scanning
Debug :: 2019-05-30 17:51:03,502 :: DEBUG :: Command sent: b'\xa5%'
Debug :: 2019-05-30 17:51:03,504 :: INFO :: Stopping motor...
Debug :: 2019-05-30 17:51:03,505 :: DEBUG :: Command sent: b'\xa5\xf0\x02\x00\x00W'
Debug :: 2019-05-30 17:51:03,509 :: INFO :: Motor stopped!
Debug :: 2019-05-30 17:51:03,509 :: INFO :: Clearing input buffer
Debug :: 2019-05-30 17:51:03,510 :: INFO :: Disconnection...
Debug :: 2019-05-30 17:51:03,568 :: INFO :: Disconnection done!
Debug :: 2019-05-30 17:58:36,849 :: INFO :: Connection...
Debug :: 2019-05-30 17:58:36,864 :: INFO :: Connection done!
Debug :: 2019-05-30 17:58:36,864 :: INFO :: Stop scanning
Debug :: 2019-05-30 17:58:36,865 :: DEBUG :: Command sent: b'\xa5%'
Debug :: 2019-05-30 17:58:36,867 :: INFO :: Stopping motor...
Debug :: 2019-05-30 17:58:36,867 :: DEBUG :: Command sent: b'\xa5\xf0\x02\x00\x00W'
Debug :: 2019-05-30 17:58:36,870 :: INFO :: Motor stopped!
Debug :: 2019-05-30 17:58:36,871 :: INFO :: Clearing input buffer
Debug :: 2019-05-30 17:58:36,872 :: INFO :: Starting motor...
Debug :: 2019-05-30 17:58:36,874 :: DEBUG :: Command sent: b'\xa5\xf0\x02\x94\x02\xc1'
Debug :: 2019-05-30 17:58:36,874 :: INFO :: Motor started!
Debug :: 2019-05-30 18:00:20,830 :: INFO :: Connection...
Debug :: 2019-05-30 18:00:20,849 :: INFO :: Connection done!
Debug :: 2019-05-30 18:00:20,850 :: INFO :: Stop scanning
Debug :: 2019-05-30 18:00:20,851 :: DEBUG :: Command sent: b'\xa5%'
Debug :: 2019-05-30 18:00:20,852 :: INFO :: Stopping motor...
Debug :: 2019-05-30 18:00:20,853 :: DEBUG :: Command sent: b'\xa5\xf0\x02\x00\x00W'
Debug :: 2019-05-30 18:00:20,856 :: INFO :: Motor stopped!
Debug :: 2019-05-30 18:00:20,857 :: INFO :: Clearing input buffer
Debug :: 2019-05-30 18:00:20,858 :: INFO :: Starting motor...
Debug :: 2019-05-30 18:00:20,860 :: DEBUG :: Command sent: b'\xa5\xf0\x02\x94\x02\xc1'
Debug :: 2019-05-30 18:00:20,861 :: INFO :: Motor started!
Debug :: 2019-05-30 18:01:35,694 :: INFO :: Connection...
Debug :: 2019-05-30 18:01:35,707 :: INFO :: Connection done!
Debug :: 2019-05-30 18:01:35,708 :: INFO :: Stop scanning
Debug :: 2019-05-30 18:01:35,709 :: DEBUG :: Command sent: b'\xa5%'
Debug :: 2019-05-30 18:01:35,710 :: INFO :: Stopping motor...
Debug :: 2019-05-30 18:01:35,711 :: DEBUG :: Command sent: b'\xa5\xf0\x02\x00\x00W'
Debug :: 2019-05-30 18:01:35,714 :: INFO :: Motor stopped!
Debug :: 2019-05-30 18:01:35,714 :: INFO :: Clearing input buffer
Debug :: 2019-05-30 18:01:35,715 :: INFO :: Starting motor...
Debug :: 2019-05-30 18:01:35,718 :: DEBUG :: Command sent: b'\xa5\xf0\x02\x94\x02\xc1'
Debug :: 2019-05-30 18:01:35,718 :: INFO :: Motor started!
Debug :: 2019-05-30 18:03:41,680 :: INFO :: Stop scanning
Debug :: 2019-05-30 18:03:41,682 :: DEBUG :: Command sent: b'\xa5%'
Debug :: 2019-05-30 18:03:41,684 :: INFO :: Stopping motor...
Debug :: 2019-05-30 18:03:41,686 :: DEBUG :: Command sent: b'\xa5\xf0\x02\x00\x00W'
Debug :: 2019-05-30 18:03:41,689 :: INFO :: Motor stopped!
Debug :: 2019-05-30 18:03:41,690 :: INFO :: Clearing input buffer
Debug :: 2019-05-30 18:03:41,691 :: INFO :: Disconnection...
Debug :: 2019-05-30 18:03:41,749 :: INFO :: Disconnection done!
Debug :: 2019-05-30 18:04:41,086 :: INFO :: Connection...
Debug :: 2019-05-30 18:04:41,098 :: INFO :: Connection done!
Debug :: 2019-05-30 18:04:41,099 :: INFO :: Stop scanning
Debug :: 2019-05-30 18:04:41,099 :: DEBUG :: Command sent: b'\xa5%'
Debug :: 2019-05-30 18:04:41,101 :: INFO :: Stopping motor...
Debug :: 2019-05-30 18:04:41,102 :: DEBUG :: Command sent: b'\xa5\xf0\x02\x00\x00W'
Debug :: 2019-05-30 18:04:41,105 :: INFO :: Motor stopped!
Debug :: 2019-05-30 18:04:41,105 :: INFO :: Clearing input buffer
Debug :: 2019-05-30 18:04:41,106 :: INFO :: Starting motor...
Debug :: 2019-05-30 18:04:41,107 :: DEBUG :: Command sent: b'\xa5\xf0\x02\x94\x02\xc1'
Debug :: 2019-05-30 18:04:41,107 :: INFO :: Motor started!
Debug :: 2019-05-30 18:08:22,200 :: INFO :: Connection...
Debug :: 2019-05-30 18:08:22,214 :: INFO :: Connection done!
Debug :: 2019-05-30 18:08:22,215 :: INFO :: Stop scanning
Debug :: 2019-05-30 18:08:22,216 :: DEBUG :: Command sent: b'\xa5%'
Debug :: 2019-05-30 18:08:22,217 :: INFO :: Stopping motor...
Debug :: 2019-05-30 18:08:22,218 :: DEBUG :: Command sent: b'\xa5\xf0\x02\x00\x00W'
Debug :: 2019-05-30 18:08:22,220 :: INFO :: Motor stopped!
Debug :: 2019-05-30 18:08:22,221 :: INFO :: Clearing input buffer
Debug :: 2019-05-30 18:08:22,222 :: INFO :: Starting motor...
Debug :: 2019-05-30 18:08:22,224 :: DEBUG :: Command sent: b'\xa5\xf0\x02\x94\x02\xc1'
Debug :: 2019-05-30 18:08:22,224 :: INFO :: Motor started!
Debug :: 2019-05-30 18:10:25,247 :: INFO :: Stop scanning
Debug :: 2019-05-30 18:10:25,249 :: DEBUG :: Command sent: b'\xa5%'
Debug :: 2019-05-30 18:10:25,250 :: INFO :: Stopping motor...
Debug :: 2019-05-30 18:10:25,252 :: DEBUG :: Command sent: b'\xa5\xf0\x02\x00\x00W'
Debug :: 2019-05-30 18:10:25,255 :: INFO :: Motor stopped!
Debug :: 2019-05-30 18:10:25,256 :: INFO :: Clearing input buffer
Debug :: 2019-05-30 18:10:25,257 :: INFO :: Disconnection...
Debug :: 2019-05-30 18:10:25,314 :: INFO :: Disconnection done!
Debug :: 2019-05-30 18:32:46,935 :: INFO :: Connection...
Debug :: 2019-05-30 18:32:46,948 :: INFO :: Connection done!
Debug :: 2019-05-30 18:32:46,948 :: INFO :: Stop scanning
Debug :: 2019-05-30 18:32:46,949 :: DEBUG :: Command sent: b'\xa5%'
Debug :: 2019-05-30 18:32:46,950 :: INFO :: Stopping motor...
Debug :: 2019-05-30 18:32:46,951 :: DEBUG :: Command sent: b'\xa5\xf0\x02\x00\x00W'
Debug :: 2019-05-30 18:32:46,954 :: INFO :: Motor stopped!
Debug :: 2019-05-30 18:32:46,955 :: INFO :: Clearing input buffer
Debug :: 2019-05-30 18:32:46,955 :: INFO :: Starting motor...
Debug :: 2019-05-30 18:32:46,958 :: DEBUG :: Command sent: b'\xa5\xf0\x02\x94\x02\xc1'
Debug :: 2019-05-30 18:32:46,958 :: INFO :: Motor started!
Debug :: 2019-05-30 18:34:59,895 :: INFO :: Stop scanning
Debug :: 2019-05-30 18:34:59,897 :: DEBUG :: Command sent: b'\xa5%'
Debug :: 2019-05-30 18:34:59,899 :: INFO :: Stopping motor...
Debug :: 2019-05-30 18:34:59,900 :: DEBUG :: Command sent: b'\xa5\xf0\x02\x00\x00W'
Debug :: 2019-05-30 18:34:59,904 :: INFO :: Motor stopped!
Debug :: 2019-05-30 18:34:59,905 :: INFO :: Clearing input buffer
Debug :: 2019-05-30 18:34:59,906 :: INFO :: Disconnection...
Debug :: 2019-05-30 18:34:59,963 :: INFO :: Disconnection done!
Debug :: 2019-05-30 18:55:16,699 :: INFO :: Connection...
Debug :: 2019-05-30 18:55:16,712 :: INFO :: Connection done!
Debug :: 2019-05-30 18:55:16,712 :: INFO :: Stop scanning
Debug :: 2019-05-30 18:55:16,713 :: DEBUG :: Command sent: b'\xa5%'
Debug :: 2019-05-30 18:55:16,714 :: INFO :: Stopping motor...
Debug :: 2019-05-30 18:55:16,715 :: DEBUG :: Command sent: b'\xa5\xf0\x02\x00\x00W'
Debug :: 2019-05-30 18:55:16,718 :: INFO :: Motor stopped!
Debug :: 2019-05-30 18:55:16,718 :: INFO :: Clearing input buffer
Debug :: 2019-05-30 18:55:16,719 :: INFO :: Starting motor...
Debug :: 2019-05-30 18:55:16,721 :: DEBUG :: Command sent: b'\xa5\xf0\x02\x94\x02\xc1'
Debug :: 2019-05-30 18:55:16,721 :: INFO :: Motor started!
Debug :: 2019-05-30 18:57:12,462 :: INFO :: Stop scanning
Debug :: 2019-05-30 18:57:12,463 :: DEBUG :: Command sent: b'\xa5%'
Debug :: 2019-05-30 18:57:12,465 :: INFO :: Stopping motor...
Debug :: 2019-05-30 18:57:12,466 :: DEBUG :: Command sent: b'\xa5\xf0\x02\x00\x00W'
Debug :: 2019-05-30 18:57:12,470 :: INFO :: Motor stopped!
Debug :: 2019-05-30 18:57:12,471 :: INFO :: Clearing input buffer
Debug :: 2019-05-30 18:57:12,472 :: INFO :: Disconnection...
Debug :: 2019-05-30 18:57:12,529 :: INFO :: Disconnection done!
Debug :: 2019-05-30 20:54:02,059 :: INFO :: Connection...
Debug :: 2019-05-30 20:54:02,077 :: INFO :: Connection done!
Debug :: 2019-05-30 20:54:02,078 :: INFO :: Stop scanning
Debug :: 2019-05-30 20:54:02,078 :: DEBUG :: Command sent: b'\xa5%'
Debug :: 2019-05-30 20:54:02,080 :: INFO :: Stopping motor...
Debug :: 2019-05-30 20:54:02,081 :: DEBUG :: Command sent: b'\xa5\xf0\x02\x00\x00W'
Debug :: 2019-05-30 20:54:02,083 :: INFO :: Motor stopped!
Debug :: 2019-05-30 20:54:02,084 :: INFO :: Clearing input buffer
Debug :: 2019-05-30 20:54:02,085 :: INFO :: Starting motor...
Debug :: 2019-05-30 20:54:02,087 :: DEBUG :: Command sent: b'\xa5\xf0\x02\x94\x02\xc1'
Debug :: 2019-05-30 20:54:02,087 :: INFO :: Motor started!
Debug :: 2019-05-30 20:56:56,970 :: INFO :: Connection...
Debug :: 2019-05-30 20:56:56,982 :: INFO :: Connection done!
Debug :: 2019-05-30 20:56:56,983 :: INFO :: Stop scanning
Debug :: 2019-05-30 20:56:56,984 :: DEBUG :: Command sent: b'\xa5%'
Debug :: 2019-05-30 20:56:56,985 :: INFO :: Stopping motor...
Debug :: 2019-05-30 20:56:56,986 :: DEBUG :: Command sent: b'\xa5\xf0\x02\x00\x00W'
Debug :: 2019-05-30 20:56:56,989 :: INFO :: Motor stopped!
Debug :: 2019-05-30 20:56:56,989 :: INFO :: Clearing input buffer
Debug :: 2019-05-30 20:56:56,990 :: INFO :: Starting motor...
Debug :: 2019-05-30 20:56:56,992 :: DEBUG :: Command sent: b'\xa5\xf0\x02\x94\x02\xc1'
Debug :: 2019-05-30 20:56:56,993 :: INFO :: Motor started!
Debug :: 2019-05-30 21:00:42,772 :: INFO :: Connection...
Debug :: 2019-05-30 21:00:42,786 :: INFO :: Connection done!
Debug :: 2019-05-30 21:00:42,787 :: INFO :: Stop scanning
Debug :: 2019-05-30 21:00:42,787 :: DEBUG :: Command sent: b'\xa5%'
Debug :: 2019-05-30 21:00:42,789 :: INFO :: Stopping motor...
Debug :: 2019-05-30 21:00:42,790 :: DEBUG :: Command sent: b'\xa5\xf0\x02\x00\x00W'
Debug :: 2019-05-30 21:00:42,793 :: INFO :: Motor stopped!
Debug :: 2019-05-30 21:00:42,793 :: INFO :: Clearing input buffer
Debug :: 2019-05-30 21:00:42,794 :: INFO :: Starting motor...
Debug :: 2019-05-30 21:00:42,796 :: DEBUG :: Command sent: b'\xa5\xf0\x02\x94\x02\xc1'
Debug :: 2019-05-30 21:00:42,796 :: INFO :: Motor started!
Debug :: 2019-05-30 21:03:37,669 :: INFO :: Connection...
Debug :: 2019-05-30 21:03:37,682 :: INFO :: Connection done!
Debug :: 2019-05-30 21:03:37,682 :: INFO :: Stop scanning
Debug :: 2019-05-30 21:03:37,683 :: DEBUG :: Command sent: b'\xa5%'
Debug :: 2019-05-30 21:03:37,685 :: INFO :: Stopping motor...
Debug :: 2019-05-30 21:03:37,685 :: DEBUG :: Command sent: b'\xa5\xf0\x02\x00\x00W'
Debug :: 2019-05-30 21:03:37,688 :: INFO :: Motor stopped!
Debug :: 2019-05-30 21:03:37,689 :: INFO :: Clearing input buffer
Debug :: 2019-05-30 21:03:37,689 :: INFO :: Starting motor...
Debug :: 2019-05-30 21:03:37,692 :: DEBUG :: Command sent: b'\xa5\xf0\x02\x94\x02\xc1'
Debug :: 2019-05-30 21:03:37,692 :: INFO :: Motor started!
Debug :: 2019-05-30 21:06:57,061 :: INFO :: Connection...
Debug :: 2019-05-30 21:06:57,074 :: INFO :: Connection done!
Debug :: 2019-05-30 21:06:57,075 :: INFO :: Stop scanning
Debug :: 2019-05-30 21:06:57,076 :: DEBUG :: Command sent: b'\xa5%'
Debug :: 2019-05-30 21:06:57,077 :: INFO :: Stopping motor...
Debug :: 2019-05-30 21:06:57,078 :: DEBUG :: Command sent: b'\xa5\xf0\x02\x00\x00W'
Debug :: 2019-05-30 21:06:57,081 :: INFO :: Motor stopped!
Debug :: 2019-05-30 21:06:57,082 :: INFO :: Clearing input buffer
Debug :: 2019-05-30 21:06:57,082 :: INFO :: Starting motor...
Debug :: 2019-05-30 21:06:57,085 :: DEBUG :: Command sent: b'\xa5\xf0\x02\x94\x02\xc1'
Debug :: 2019-05-30 21:06:57,085 :: INFO :: Motor started!
Debug :: 2019-05-30 21:09:36,103 :: INFO :: Connection...
Debug :: 2019-05-30 21:09:36,116 :: INFO :: Connection done!
Debug :: 2019-05-30 21:09:36,117 :: INFO :: Stop scanning
Debug :: 2019-05-30 21:09:36,118 :: DEBUG :: Command sent: b'\xa5%'
Debug :: 2019-05-30 21:09:36,119 :: INFO :: Stopping motor...
Debug :: 2019-05-30 21:09:36,120 :: DEBUG :: Command sent: b'\xa5\xf0\x02\x00\x00W'
Debug :: 2019-05-30 21:09:36,123 :: INFO :: Motor stopped!
Debug :: 2019-05-30 21:09:36,123 :: INFO :: Clearing input buffer
Debug :: 2019-05-30 21:09:36,124 :: INFO :: Starting motor...
Debug :: 2019-05-30 21:09:36,126 :: DEBUG :: Command sent: b'\xa5\xf0\x02\x94\x02\xc1'
Debug :: 2019-05-30 21:09:36,126 :: INFO :: Motor started!
Debug :: 2019-05-30 21:12:12,339 :: INFO :: Connection...
Debug :: 2019-05-30 21:12:12,353 :: INFO :: Connection done!
Debug :: 2019-05-30 21:12:12,353 :: INFO :: Stop scanning
Debug :: 2019-05-30 21:12:12,354 :: DEBUG :: Command sent: b'\xa5%'
Debug :: 2019-05-30 21:12:12,355 :: INFO :: Stopping motor...
Debug :: 2019-05-30 21:12:12,356 :: DEBUG :: Command sent: b'\xa5\xf0\x02\x00\x00W'
Debug :: 2019-05-30 21:12:12,359 :: INFO :: Motor stopped!
Debug :: 2019-05-30 21:12:12,359 :: INFO :: Clearing input buffer
Debug :: 2019-05-30 21:12:12,360 :: INFO :: Starting motor...
Debug :: 2019-05-30 21:12:12,362 :: DEBUG :: Command sent: b'\xa5\xf0\x02\x94\x02\xc1'
Debug :: 2019-05-30 21:12:12,363 :: INFO :: Motor started!
Debug :: 2019-05-30 21:14:27,015 :: INFO :: Stop scanning
Debug :: 2019-05-30 21:14:27,016 :: DEBUG :: Command sent: b'\xa5%'
Debug :: 2019-05-30 21:14:27,018 :: INFO :: Stopping motor...
Debug :: 2019-05-30 21:14:27,020 :: DEBUG :: Command sent: b'\xa5\xf0\x02\x00\x00W'
Debug :: 2019-05-30 21:14:27,023 :: INFO :: Motor stopped!
Debug :: 2019-05-30 21:14:27,024 :: INFO :: Clearing input buffer
Debug :: 2019-05-30 21:14:27,025 :: INFO :: Disconnection...
Debug :: 2019-05-30 21:14:27,082 :: INFO :: Disconnection done!
Debug :: 2019-05-30 21:16:07,337 :: INFO :: Connection...
Debug :: 2019-05-30 21:16:07,350 :: INFO :: Connection done!
Debug :: 2019-05-30 21:16:07,351 :: INFO :: Stop scanning
Debug :: 2019-05-30 21:16:07,351 :: DEBUG :: Command sent: b'\xa5%'
Debug :: 2019-05-30 21:16:07,353 :: INFO :: Stopping motor...
Debug :: 2019-05-30 21:16:07,353 :: DEBUG :: Command sent: b'\xa5\xf0\x02\x00\x00W'
Debug :: 2019-05-30 21:16:07,356 :: INFO :: Motor stopped!
Debug :: 2019-05-30 21:16:07,357 :: INFO :: Clearing input buffer
Debug :: 2019-05-30 21:16:07,358 :: INFO :: Starting motor...
Debug :: 2019-05-30 21:16:07,360 :: DEBUG :: Command sent: b'\xa5\xf0\x02\x94\x02\xc1'
Debug :: 2019-05-30 21:16:07,360 :: INFO :: Motor started!
Debug :: 2019-05-30 21:18:00,930 :: INFO :: Stop scanning
Debug :: 2019-05-30 21:18:00,931 :: DEBUG :: Command sent: b'\xa5%'
Debug :: 2019-05-30 21:18:00,934 :: INFO :: Stopping motor...
Debug :: 2019-05-30 21:18:00,935 :: DEBUG :: Command sent: b'\xa5\xf0\x02\x00\x00W'
Debug :: 2019-05-30 21:18:00,938 :: INFO :: Motor stopped!
Debug :: 2019-05-30 21:18:00,939 :: INFO :: Clearing input buffer
Debug :: 2019-05-30 21:18:00,940 :: INFO :: Disconnection...
Debug :: 2019-05-30 21:18:00,998 :: INFO :: Disconnection done!
Debug :: 2019-05-30 21:19:18,904 :: INFO :: Connection...
Debug :: 2019-05-30 21:19:18,918 :: INFO :: Connection done!
Debug :: 2019-05-30 21:19:18,918 :: INFO :: Stop scanning
Debug :: 2019-05-30 21:19:18,919 :: DEBUG :: Command sent: b'\xa5%'
Debug :: 2019-05-30 21:19:18,921 :: INFO :: Stopping motor...
Debug :: 2019-05-30 21:19:18,921 :: DEBUG :: Command sent: b'\xa5\xf0\x02\x00\x00W'
Debug :: 2019-05-30 21:19:18,924 :: INFO :: Motor stopped!
Debug :: 2019-05-30 21:19:18,925 :: INFO :: Clearing input buffer
Debug :: 2019-05-30 21:19:18,926 :: INFO :: Starting motor...
Debug :: 2019-05-30 21:19:18,928 :: DEBUG :: Command sent: b'\xa5\xf0\x02\x94\x02\xc1'
Debug :: 2019-05-30 21:19:18,928 :: INFO :: Motor started!
Debug :: 2019-05-30 21:20:44,815 :: INFO :: Connection...
Debug :: 2019-05-30 21:20:44,827 :: INFO :: Connection done!
Debug :: 2019-05-30 21:20:44,828 :: INFO :: Stop scanning
Debug :: 2019-05-30 21:20:44,829 :: DEBUG :: Command sent: b'\xa5%'
Debug :: 2019-05-30 21:20:44,830 :: INFO :: Stopping motor...
Debug :: 2019-05-30 21:20:44,831 :: DEBUG :: Command sent: b'\xa5\xf0\x02\x00\x00W'
Debug :: 2019-05-30 21:20:44,834 :: INFO :: Motor stopped!
Debug :: 2019-05-30 21:20:44,834 :: INFO :: Clearing input buffer
Debug :: 2019-05-30 21:20:44,835 :: INFO :: Starting motor...
Debug :: 2019-05-30 21:20:44,837 :: DEBUG :: Command sent: b'\xa5\xf0\x02\x94\x02\xc1'
Debug :: 2019-05-30 21:20:44,837 :: INFO :: Motor started!
Debug :: 2019-05-30 21:23:00,876 :: INFO :: Connection...
Debug :: 2019-05-30 21:23:00,889 :: INFO :: Connection done!
Debug :: 2019-05-30 21:23:00,890 :: INFO :: Stop scanning
Debug :: 2019-05-30 21:23:00,891 :: DEBUG :: Command sent: b'\xa5%'
Debug :: 2019-05-30 21:23:00,892 :: INFO :: Stopping motor...
Debug :: 2019-05-30 21:23:00,893 :: DEBUG :: Command sent: b'\xa5\xf0\x02\x00\x00W'
Debug :: 2019-05-30 21:23:00,896 :: INFO :: Motor stopped!
Debug :: 2019-05-30 21:23:00,896 :: INFO :: Clearing input buffer
Debug :: 2019-05-30 21:23:00,897 :: INFO :: Starting motor...
Debug :: 2019-05-30 21:23:00,899 :: DEBUG :: Command sent: b'\xa5\xf0\x02\x94\x02\xc1'
Debug :: 2019-05-30 21:23:00,899 :: INFO :: Motor started!
Debug :: 2019-05-30 21:26:49,043 :: INFO :: Connection...
Debug :: 2019-05-30 21:26:49,056 :: INFO :: Connection done!
Debug :: 2019-05-30 21:26:49,056 :: INFO :: Stop scanning
Debug :: 2019-05-30 21:26:49,057 :: DEBUG :: Command sent: b'\xa5%'
Debug :: 2019-05-30 21:26:49,059 :: INFO :: Stopping motor...
Debug :: 2019-05-30 21:26:49,059 :: DEBUG :: Command sent: b'\xa5\xf0\x02\x00\x00W'
Debug :: 2019-05-30 21:26:49,062 :: INFO :: Motor stopped!
Debug :: 2019-05-30 21:26:49,063 :: INFO :: Clearing input buffer
Debug :: 2019-05-30 21:26:49,064 :: INFO :: Starting motor...
Debug :: 2019-05-30 21:26:49,066 :: DEBUG :: Command sent: b'\xa5\xf0\x02\x94\x02\xc1'
Debug :: 2019-05-30 21:26:49,066 :: INFO :: Motor started!
Debug :: 2019-05-30 21:30:36,828 :: INFO :: Connection...
Debug :: 2019-05-30 21:30:36,841 :: INFO :: Connection done!
Debug :: 2019-05-30 21:30:36,842 :: INFO :: Stop scanning
Debug :: 2019-05-30 21:30:36,842 :: DEBUG :: Command sent: b'\xa5%'
Debug :: 2019-05-30 21:30:36,844 :: INFO :: Stopping motor...
Debug :: 2019-05-30 21:30:36,845 :: DEBUG :: Command sent: b'\xa5\xf0\x02\x00\x00W'
Debug :: 2019-05-30 21:30:36,847 :: INFO :: Motor stopped!
Debug :: 2019-05-30 21:30:36,848 :: INFO :: Clearing input buffer
Debug :: 2019-05-30 21:30:36,849 :: INFO :: Starting motor...
Debug :: 2019-05-30 21:30:36,851 :: DEBUG :: Command sent: b'\xa5\xf0\x02\x94\x02\xc1'
Debug :: 2019-05-30 21:30:36,851 :: INFO :: Motor started!
Debug :: 2019-05-30 21:32:49,261 :: INFO :: Stop scanning
Debug :: 2019-05-30 21:32:49,263 :: DEBUG :: Command sent: b'\xa5%'
Debug :: 2019-05-30 21:32:49,265 :: INFO :: Stopping motor...
Debug :: 2019-05-30 21:32:49,266 :: DEBUG :: Command sent: b'\xa5\xf0\x02\x00\x00W'
Debug :: 2019-05-30 21:32:49,270 :: INFO :: Motor stopped!
Debug :: 2019-05-30 21:32:49,271 :: INFO :: Clearing input buffer
Debug :: 2019-05-30 21:32:49,272 :: INFO :: Disconnection...
Debug :: 2019-05-30 21:32:49,329 :: INFO :: Disconnection done!
Debug :: 2019-05-30 21:34:04,102 :: INFO :: Connection...
Debug :: 2019-05-30 21:34:04,116 :: INFO :: Connection done!
Debug :: 2019-05-30 21:34:04,117 :: INFO :: Stop scanning
Debug :: 2019-05-30 21:34:04,117 :: DEBUG :: Command sent: b'\xa5%'
Debug :: 2019-05-30 21:34:04,119 :: INFO :: Stopping motor...
Debug :: 2019-05-30 21:34:04,120 :: DEBUG :: Command sent: b'\xa5\xf0\x02\x00\x00W'
Debug :: 2019-05-30 21:34:04,123 :: INFO :: Motor stopped!
Debug :: 2019-05-30 21:34:04,123 :: INFO :: Clearing input buffer
Debug :: 2019-05-30 21:34:04,124 :: INFO :: Starting motor...
Debug :: 2019-05-30 21:34:04,126 :: DEBUG :: Command sent: b'\xa5\xf0\x02\x94\x02\xc1'
Debug :: 2019-05-30 21:34:04,127 :: INFO :: Motor started!
Debug :: 2019-05-30 21:37:20,408 :: INFO :: Connection...
Debug :: 2019-05-30 21:37:20,423 :: INFO :: Connection done!
Debug :: 2019-05-30 21:37:20,424 :: INFO :: Stop scanning
Debug :: 2019-05-30 21:37:20,425 :: DEBUG :: Command sent: b'\xa5%'
Debug :: 2019-05-30 21:37:20,426 :: INFO :: Stopping motor...
Debug :: 2019-05-30 21:37:20,427 :: DEBUG :: Command sent: b'\xa5\xf0\x02\x00\x00W'
Debug :: 2019-05-30 21:37:20,430 :: INFO :: Motor stopped!
Debug :: 2019-05-30 21:37:20,431 :: INFO :: Clearing input buffer
Debug :: 2019-05-30 21:37:20,432 :: INFO :: Starting motor...
Debug :: 2019-05-30 21:37:20,434 :: DEBUG :: Command sent: b'\xa5\xf0\x02\x94\x02\xc1'
Debug :: 2019-05-30 21:37:20,434 :: INFO :: Motor started!
Debug :: 2019-05-30 21:39:19,305 :: INFO :: Stop scanning
Debug :: 2019-05-30 21:39:19,307 :: DEBUG :: Command sent: b'\xa5%'
Debug :: 2019-05-30 21:39:19,309 :: INFO :: Stopping motor...
Debug :: 2019-05-30 21:39:19,311 :: DEBUG :: Command sent: b'\xa5\xf0\x02\x00\x00W'
Debug :: 2019-05-30 21:39:19,314 :: INFO :: Motor stopped!
Debug :: 2019-05-30 21:39:19,315 :: INFO :: Clearing input buffer
Debug :: 2019-05-30 21:39:19,316 :: INFO :: Disconnection...
Debug :: 2019-05-30 21:39:19,373 :: INFO :: Disconnection done!
Debug :: 2019-05-30 21:45:00,991 :: INFO :: Connection...
Debug :: 2019-05-30 21:45:01,005 :: INFO :: Connection done!
Debug :: 2019-05-30 21:45:01,006 :: INFO :: Stop scanning
Debug :: 2019-05-30 21:45:01,007 :: DEBUG :: Command sent: b'\xa5%'
Debug :: 2019-05-30 21:45:01,009 :: INFO :: Stopping motor...
Debug :: 2019-05-30 21:45:01,010 :: DEBUG :: Command sent: b'\xa5\xf0\x02\x00\x00W'
Debug :: 2019-05-30 21:45:01,013 :: INFO :: Motor stopped!
Debug :: 2019-05-30 21:45:01,014 :: INFO :: Clearing input buffer
Debug :: 2019-05-30 21:45:01,015 :: INFO :: Starting motor...
Debug :: 2019-05-30 21:45:01,017 :: DEBUG :: Command sent: b'\xa5\xf0\x02\x94\x02\xc1'
Debug :: 2019-05-30 21:45:01,017 :: INFO :: Motor started!
Debug :: 2019-05-30 21:47:02,644 :: INFO :: Stop scanning
Debug :: 2019-05-30 21:47:02,646 :: DEBUG :: Command sent: b'\xa5%'
Debug :: 2019-05-30 21:47:02,648 :: INFO :: Stopping motor...
Debug :: 2019-05-30 21:47:02,650 :: DEBUG :: Command sent: b'\xa5\xf0\x02\x00\x00W'
Debug :: 2019-05-30 21:47:02,654 :: INFO :: Motor stopped!
Debug :: 2019-05-30 21:47:02,654 :: INFO :: Clearing input buffer
Debug :: 2019-05-30 21:47:02,655 :: INFO :: Disconnection...
Debug :: 2019-05-30 21:47:02,712 :: INFO :: Disconnection done!
Debug :: 2019-05-30 21:50:42,420 :: INFO :: Connection...
Debug :: 2019-05-30 21:50:42,433 :: INFO :: Connection done!
Debug :: 2019-05-30 21:50:42,434 :: INFO :: Stop scanning
Debug :: 2019-05-30 21:50:42,435 :: DEBUG :: Command sent: b'\xa5%'
Debug :: 2019-05-30 21:50:42,436 :: INFO :: Stopping motor...
Debug :: 2019-05-30 21:50:42,437 :: DEBUG :: Command sent: b'\xa5\xf0\x02\x00\x00W'
Debug :: 2019-05-30 21:50:42,440 :: INFO :: Motor stopped!
Debug :: 2019-05-30 21:50:42,440 :: INFO :: Clearing input buffer
Debug :: 2019-05-30 21:50:42,441 :: INFO :: Starting motor...
Debug :: 2019-05-30 21:50:42,443 :: DEBUG :: Command sent: b'\xa5\xf0\x02\x94\x02\xc1'
Debug :: 2019-05-30 21:50:42,444 :: INFO :: Motor started!
Debug :: 2019-05-30 21:52:45,898 :: INFO :: Stop scanning
Debug :: 2019-05-30 21:52:45,901 :: DEBUG :: Command sent: b'\xa5%'
Debug :: 2019-05-30 21:52:45,903 :: INFO :: Stopping motor...
Debug :: 2019-05-30 21:52:45,904 :: DEBUG :: Command sent: b'\xa5\xf0\x02\x00\x00W'
Debug :: 2019-05-30 21:52:45,909 :: INFO :: Motor stopped!
Debug :: 2019-05-30 21:52:45,910 :: INFO :: Clearing input buffer
Debug :: 2019-05-30 21:52:45,912 :: INFO :: Disconnection...
Debug :: 2019-05-30 21:52:45,970 :: INFO :: Disconnection done!
Debug :: 2019-05-30 21:53:57,414 :: INFO :: Connection...
Debug :: 2019-05-30 21:53:57,428 :: INFO :: Connection done!
Debug :: 2019-05-30 21:53:57,428 :: INFO :: Stop scanning
Debug :: 2019-05-30 21:53:57,429 :: DEBUG :: Command sent: b'\xa5%'
Debug :: 2019-05-30 21:53:57,431 :: INFO :: Stopping motor...
Debug :: 2019-05-30 21:53:57,432 :: DEBUG :: Command sent: b'\xa5\xf0\x02\x00\x00W'
Debug :: 2019-05-30 21:53:57,435 :: INFO :: Motor stopped!
Debug :: 2019-05-30 21:53:57,435 :: INFO :: Clearing input buffer
Debug :: 2019-05-30 21:53:57,436 :: INFO :: Starting motor...
Debug :: 2019-05-30 21:53:57,438 :: DEBUG :: Command sent: b'\xa5\xf0\x02\x94\x02\xc1'
Debug :: 2019-05-30 21:53:57,439 :: INFO :: Motor started!
Debug :: 2019-05-30 22:00:38,954 :: INFO :: Connection...
Debug :: 2019-05-30 22:00:39,004 :: INFO :: Connection done!
Debug :: 2019-05-30 22:00:39,005 :: INFO :: Stop scanning
Debug :: 2019-05-30 22:00:39,005 :: DEBUG :: Command sent: b'\xa5%'
Debug :: 2019-05-30 22:00:39,007 :: INFO :: Stopping motor...
Debug :: 2019-05-30 22:00:39,008 :: DEBUG :: Command sent: b'\xa5\xf0\x02\x00\x00W'
Debug :: 2019-05-30 22:00:39,011 :: INFO :: Motor stopped!
Debug :: 2019-05-30 22:00:39,011 :: INFO :: Clearing input buffer
Debug :: 2019-05-30 22:00:39,012 :: INFO :: Starting motor...
Debug :: 2019-05-30 22:00:39,015 :: DEBUG :: Command sent: b'\xa5\xf0\x02\x94\x02\xc1'
Debug :: 2019-05-30 22:00:39,015 :: INFO :: Motor started!
Debug :: 2019-05-30 22:02:35,627 :: INFO :: Stop scanning
Debug :: 2019-05-30 22:02:35,628 :: DEBUG :: Command sent: b'\xa5%'
Debug :: 2019-05-30 22:02:35,630 :: INFO :: Stopping motor...
Debug :: 2019-05-30 22:02:35,632 :: DEBUG :: Command sent: b'\xa5\xf0\x02\x00\x00W'
Debug :: 2019-05-30 22:02:35,636 :: INFO :: Motor stopped!
Debug :: 2019-05-30 22:02:35,638 :: INFO :: Clearing input buffer
Debug :: 2019-05-30 22:02:35,639 :: INFO :: Disconnection...
Debug :: 2019-05-30 22:02:35,696 :: INFO :: Disconnection done!
Debug :: 2019-05-30 22:34:10,363 :: INFO :: Connection...
Debug :: 2019-05-30 22:34:10,381 :: INFO :: Connection done!
Debug :: 2019-05-30 22:34:10,382 :: INFO :: Stop scanning
Debug :: 2019-05-30 22:34:10,382 :: DEBUG :: Command sent: b'\xa5%'
Debug :: 2019-05-30 22:34:10,384 :: INFO :: Stopping motor...
Debug :: 2019-05-30 22:34:10,385 :: DEBUG :: Command sent: b'\xa5\xf0\x02\x00\x00W'
Debug :: 2019-05-30 22:34:10,388 :: INFO :: Motor stopped!
Debug :: 2019-05-30 22:34:10,388 :: INFO :: Clearing input buffer
Debug :: 2019-05-30 22:34:10,389 :: INFO :: Starting motor...
Debug :: 2019-05-30 22:34:10,391 :: DEBUG :: Command sent: b'\xa5\xf0\x02\x94\x02\xc1'
Debug :: 2019-05-30 22:34:10,392 :: INFO :: Motor started!
Debug :: 2019-05-30 22:36:15,058 :: INFO :: Stop scanning
Debug :: 2019-05-30 22:36:15,059 :: DEBUG :: Command sent: b'\xa5%'
Debug :: 2019-05-30 22:36:15,061 :: INFO :: Stopping motor...
Debug :: 2019-05-30 22:36:15,062 :: DEBUG :: Command sent: b'\xa5\xf0\x02\x00\x00W'
Debug :: 2019-05-30 22:36:15,066 :: INFO :: Motor stopped!
Debug :: 2019-05-30 22:36:15,067 :: INFO :: Clearing input buffer
Debug :: 2019-05-30 22:36:15,068 :: INFO :: Disconnection...
Debug :: 2019-05-30 22:36:15,125 :: INFO :: Disconnection done!
Debug :: 2019-05-30 22:38:14,612 :: INFO :: Connection...
Debug :: 2019-05-30 22:38:14,625 :: INFO :: Connection done!
Debug :: 2019-05-30 22:38:14,626 :: INFO :: Stop scanning
Debug :: 2019-05-30 22:38:14,627 :: DEBUG :: Command sent: b'\xa5%'
Debug :: 2019-05-30 22:38:14,628 :: INFO :: Stopping motor...
Debug :: 2019-05-30 22:38:14,629 :: DEBUG :: Command sent: b'\xa5\xf0\x02\x00\x00W'
Debug :: 2019-05-30 22:38:14,632 :: INFO :: Motor stopped!
Debug :: 2019-05-30 22:38:14,632 :: INFO :: Clearing input buffer
Debug :: 2019-05-30 22:38:14,633 :: INFO :: Starting motor...
Debug :: 2019-05-30 22:38:14,635 :: DEBUG :: Command sent: b'\xa5\xf0\x02\x94\x02\xc1'
Debug :: 2019-05-30 22:38:14,636 :: INFO :: Motor started!
Debug :: 2019-05-30 22:40:08,254 :: INFO :: Stop scanning
Debug :: 2019-05-30 22:40:08,255 :: DEBUG :: Command sent: b'\xa5%'
Debug :: 2019-05-30 22:40:08,258 :: INFO :: Stopping motor...
Debug :: 2019-05-30 22:40:08,262 :: DEBUG :: Command sent: b'\xa5\xf0\x02\x00\x00W'
Debug :: 2019-05-30 22:40:08,266 :: INFO :: Motor stopped!
Debug :: 2019-05-30 22:40:08,268 :: INFO :: Clearing input buffer
Debug :: 2019-05-30 22:40:08,271 :: INFO :: Disconnection...
Debug :: 2019-05-30 22:40:08,330 :: INFO :: Disconnection done!
Debug :: 2019-05-30 23:15:48,088 :: INFO :: Connection...
Debug :: 2019-05-30 23:15:48,100 :: INFO :: Connection done!
Debug :: 2019-05-30 23:15:48,101 :: INFO :: Stop scanning
Debug :: 2019-05-30 23:15:48,102 :: DEBUG :: Command sent: b'\xa5%'
Debug :: 2019-05-30 23:15:48,103 :: INFO :: Stopping motor...
Debug :: 2019-05-30 23:15:48,104 :: DEBUG :: Command sent: b'\xa5\xf0\x02\x00\x00W'
Debug :: 2019-05-30 23:15:48,107 :: INFO :: Motor stopped!
Debug :: 2019-05-30 23:15:48,107 :: INFO :: Clearing input buffer
Debug :: 2019-05-30 23:15:48,108 :: INFO :: Starting motor...
Debug :: 2019-05-30 23:15:48,111 :: DEBUG :: Command sent: b'\xa5\xf0\x02\x94\x02\xc1'
Debug :: 2019-05-30 23:15:48,111 :: INFO :: Motor started!
Debug :: 2019-05-30 23:17:52,782 :: INFO :: Stop scanning
Debug :: 2019-05-30 23:17:52,784 :: DEBUG :: Command sent: b'\xa5%'
Debug :: 2019-05-30 23:17:52,786 :: INFO :: Stopping motor...
Debug :: 2019-05-30 23:17:52,788 :: DEBUG :: Command sent: b'\xa5\xf0\x02\x00\x00W'
Debug :: 2019-05-30 23:17:52,792 :: INFO :: Motor stopped!
Debug :: 2019-05-30 23:17:52,793 :: INFO :: Clearing input buffer
Debug :: 2019-05-30 23:17:52,794 :: INFO :: Disconnection...
Debug :: 2019-05-30 23:17:52,852 :: INFO :: Disconnection done!
Debug :: 2019-05-30 23:22:49,663 :: INFO :: Connection...
Debug :: 2019-05-30 23:22:49,676 :: INFO :: Connection done!
Debug :: 2019-05-30 23:22:49,677 :: INFO :: Stop scanning
Debug :: 2019-05-30 23:22:49,677 :: DEBUG :: Command sent: b'\xa5%'
Debug :: 2019-05-30 23:22:49,679 :: INFO :: Stopping motor...
Debug :: 2019-05-30 23:22:49,679 :: DEBUG :: Command sent: b'\xa5\xf0\x02\x00\x00W'
Debug :: 2019-05-30 23:22:49,682 :: INFO :: Motor stopped!
Debug :: 2019-05-30 23:22:49,683 :: INFO :: Clearing input buffer
Debug :: 2019-05-30 23:22:49,684 :: INFO :: Starting motor...
Debug :: 2019-05-30 23:22:49,686 :: DEBUG :: Command sent: b'\xa5\xf0\x02\x94\x02\xc1'
Debug :: 2019-05-30 23:22:49,687 :: INFO :: Motor started!
Debug :: 2019-05-30 23:24:44,649 :: INFO :: Connection...
Debug :: 2019-05-30 23:24:44,662 :: INFO :: Connection done!
Debug :: 2019-05-30 23:24:44,662 :: INFO :: Stop scanning
Debug :: 2019-05-30 23:24:44,663 :: DEBUG :: Command sent: b'\xa5%'
Debug :: 2019-05-30 23:24:44,665 :: INFO :: Stopping motor...
Debug :: 2019-05-30 23:24:44,665 :: DEBUG :: Command sent: b'\xa5\xf0\x02\x00\x00W'
Debug :: 2019-05-30 23:24:44,668 :: INFO :: Motor stopped!
Debug :: 2019-05-30 23:24:44,669 :: INFO :: Clearing input buffer
Debug :: 2019-05-30 23:24:44,670 :: INFO :: Starting motor...
Debug :: 2019-05-30 23:24:44,672 :: DEBUG :: Command sent: b'\xa5\xf0\x02\x94\x02\xc1'
Debug :: 2019-05-30 23:24:44,672 :: INFO :: Motor started!
Debug :: 2019-05-30 23:26:45,262 :: INFO :: Stop scanning
Debug :: 2019-05-30 23:26:45,264 :: DEBUG :: Command sent: b'\xa5%'
Debug :: 2019-05-30 23:26:45,266 :: INFO :: Stopping motor...
Debug :: 2019-05-30 23:26:45,267 :: DEBUG :: Command sent: b'\xa5\xf0\x02\x00\x00W'
Debug :: 2019-05-30 23:26:45,270 :: INFO :: Motor stopped!
Debug :: 2019-05-30 23:26:45,271 :: INFO :: Clearing input buffer
Debug :: 2019-05-30 23:26:45,272 :: INFO :: Disconnection...
Debug :: 2019-05-30 23:26:45,329 :: INFO :: Disconnection done!
Debug :: 2019-05-30 23:29:39,484 :: INFO :: Connection...
Debug :: 2019-05-30 23:29:39,497 :: INFO :: Connection done!
Debug :: 2019-05-30 23:29:39,497 :: INFO :: Stop scanning
Debug :: 2019-05-30 23:29:39,498 :: DEBUG :: Command sent: b'\xa5%'
Debug :: 2019-05-30 23:29:39,499 :: INFO :: Stopping motor...
Debug :: 2019-05-30 23:29:39,500 :: DEBUG :: Command sent: b'\xa5\xf0\x02\x00\x00W'
Debug :: 2019-05-30 23:29:39,503 :: INFO :: Motor stopped!
Debug :: 2019-05-30 23:29:39,503 :: INFO :: Clearing input buffer
Debug :: 2019-05-30 23:29:39,504 :: INFO :: Starting motor...
Debug :: 2019-05-30 23:29:39,506 :: DEBUG :: Command sent: b'\xa5\xf0\x02\x94\x02\xc1'
Debug :: 2019-05-30 23:29:39,507 :: INFO :: Motor started!
Debug :: 2019-05-30 23:32:18,292 :: INFO :: Stop scanning
Debug :: 2019-05-30 23:32:18,293 :: DEBUG :: Command sent: b'\xa5%'
Debug :: 2019-05-30 23:32:18,295 :: INFO :: Stopping motor...
Debug :: 2019-05-30 23:32:18,296 :: DEBUG :: Command sent: b'\xa5\xf0\x02\x00\x00W'
Debug :: 2019-05-30 23:32:18,299 :: INFO :: Motor stopped!
Debug :: 2019-05-30 23:32:18,300 :: INFO :: Clearing input buffer
Debug :: 2019-05-30 23:32:18,302 :: INFO :: Disconnection...
Debug :: 2019-05-30 23:32:18,359 :: INFO :: Disconnection done!
Debug :: 2019-05-30 23:46:28,684 :: INFO :: Connection...
Debug :: 2019-05-30 23:46:28,697 :: INFO :: Connection done!
Debug :: 2019-05-30 23:46:28,697 :: INFO :: Stop scanning
Debug :: 2019-05-30 23:46:28,698 :: DEBUG :: Command sent: b'\xa5%'
Debug :: 2019-05-30 23:46:28,699 :: INFO :: Stopping motor...
Debug :: 2019-05-30 23:46:28,700 :: DEBUG :: Command sent: b'\xa5\xf0\x02\x00\x00W'
Debug :: 2019-05-30 23:46:28,703 :: INFO :: Motor stopped!
Debug :: 2019-05-30 23:46:28,703 :: INFO :: Clearing input buffer
Debug :: 2019-05-30 23:46:28,704 :: INFO :: Starting motor...
Debug :: 2019-05-30 23:46:28,706 :: DEBUG :: Command sent: b'\xa5\xf0\x02\x94\x02\xc1'
Debug :: 2019-05-30 23:46:28,706 :: INFO :: Motor started!
Debug :: 2019-05-30 23:48:28,349 :: INFO :: Stop scanning
Debug :: 2019-05-30 23:48:28,351 :: DEBUG :: Command sent: b'\xa5%'
Debug :: 2019-05-30 23:48:28,353 :: INFO :: Stopping motor...
Debug :: 2019-05-30 23:48:28,354 :: DEBUG :: Command sent: b'\xa5\xf0\x02\x00\x00W'
Debug :: 2019-05-30 23:48:28,358 :: INFO :: Motor stopped!
Debug :: 2019-05-30 23:48:28,359 :: INFO :: Clearing input buffer
Debug :: 2019-05-30 23:48:28,360 :: INFO :: Disconnection...
Debug :: 2019-05-30 23:48:28,418 :: INFO :: Disconnection done!
Debug :: 2019-05-30 23:50:13,634 :: INFO :: Connection...
Debug :: 2019-05-30 23:50:13,649 :: INFO :: Connection done!
Debug :: 2019-05-30 23:50:13,649 :: INFO :: Stop scanning
Debug :: 2019-05-30 23:50:13,650 :: DEBUG :: Command sent: b'\xa5%'
Debug :: 2019-05-30 23:50:13,651 :: INFO :: Stopping motor...
Debug :: 2019-05-30 23:50:13,652 :: DEBUG :: Command sent: b'\xa5\xf0\x02\x00\x00W'
Debug :: 2019-05-30 23:50:13,655 :: INFO :: Motor stopped!
Debug :: 2019-05-30 23:50:13,655 :: INFO :: Clearing input buffer
Debug :: 2019-05-30 23:50:13,656 :: INFO :: Starting motor...
Debug :: 2019-05-30 23:50:13,658 :: DEBUG :: Command sent: b'\xa5\xf0\x02\x94\x02\xc1'
Debug :: 2019-05-30 23:50:13,659 :: INFO :: Motor started!
Debug :: 2019-05-30 23:52:12,249 :: INFO :: Stop scanning
Debug :: 2019-05-30 23:53:40,655 :: DEBUG :: Command sent: b'\xa5%'
Debug :: 2019-05-30 23:53:40,657 :: INFO :: Stopping motor...
Debug :: 2019-05-30 23:53:40,660 :: DEBUG :: Command sent: b'\xa5\xf0\x02\x00\x00W'
Debug :: 2019-05-30 23:53:40,664 :: INFO :: Motor stopped!
Debug :: 2019-05-30 23:53:40,666 :: INFO :: Clearing input buffer
Debug :: 2019-05-30 23:53:40,668 :: INFO :: Disconnection...
Debug :: 2019-05-30 23:53:40,725 :: INFO :: Disconnection done!
Debug :: 2019-05-30 23:55:10,287 :: INFO :: Connection...
Debug :: 2019-05-30 23:55:10,302 :: INFO :: Connection done!
Debug :: 2019-05-30 23:55:10,303 :: INFO :: Stop scanning
Debug :: 2019-05-30 23:55:10,303 :: DEBUG :: Command sent: b'\xa5%'
Debug :: 2019-05-30 23:55:10,305 :: INFO :: Stopping motor...
Debug :: 2019-05-30 23:55:10,305 :: DEBUG :: Command sent: b'\xa5\xf0\x02\x00\x00W'
Debug :: 2019-05-30 23:55:10,308 :: INFO :: Motor stopped!
Debug :: 2019-05-30 23:55:10,309 :: INFO :: Clearing input buffer
Debug :: 2019-05-30 23:55:10,310 :: INFO :: Starting motor...
Debug :: 2019-05-30 23:55:10,312 :: DEBUG :: Command sent: b'\xa5\xf0\x02\x94\x02\xc1'
Debug :: 2019-05-30 23:55:10,313 :: INFO :: Motor started!
Debug :: 2019-05-30 23:57:17,931 :: INFO :: Stop scanning
Debug :: 2019-05-30 23:57:17,932 :: DEBUG :: Command sent: b'\xa5%'
Debug :: 2019-05-30 23:57:17,934 :: INFO :: Stopping motor...
Debug :: 2019-05-30 23:57:17,935 :: DEBUG :: Command sent: b'\xa5\xf0\x02\x00\x00W'
Debug :: 2019-05-30 23:57:17,939 :: INFO :: Motor stopped!
Debug :: 2019-05-30 23:57:17,939 :: INFO :: Clearing input buffer
Debug :: 2019-05-30 23:57:17,940 :: INFO :: Disconnection...
Debug :: 2019-05-30 23:57:17,998 :: INFO :: Disconnection done!
